<?xml version="1.0" encoding="UTF-8"?>
<!-- Generated by org.testng.reporters.JUnitReportReporter -->
<testsuite hostname="DESKTOP-5ADPD0V" failures="0" tests="3" name="com.asp.webdriver.testhome" time="1.305" errors="0" timestamp="2024-03-22T11:07:10 IST" skipped="0">
  <testcase classname="com.asp.webdriver.testhome" name="testHomePageLoad" time="0.040"/>
  <testcase classname="com.asp.webdriver.testhome" name="testEssentialInformation" time="0.140"/>
  <testcase classname="com.asp.webdriver.testhome" name="testNavigationLinks" time="1.125"/>
</testsuite> <!-- com.asp.webdriver.testhome -->
